2023-08-08T22:51:34.607Z - [[34minfo[39m]: GET /
2023-08-08T22:51:34.761Z - [[34minfo[39m]: GET /css/styles.css
2023-08-08T22:51:34.793Z - [[34minfo[39m]: GET /js/login.js
2023-08-08T22:51:37.021Z - [[34minfo[39m]: GET /favicon.ico
2023-08-08T22:51:40.093Z - [[34minfo[39m]: POST /api/sessions/login
2023-08-08T22:51:40.375Z - [[34minfo[39m]: GET /products
2023-08-08T22:51:40.603Z - [[34minfo[39m]: GET /css/styles.css
2023-08-08T22:51:40.604Z - [[34minfo[39m]: GET /...
2023-08-08T22:51:40.618Z - [[34minfo[39m]: GET /js/products.js
2023-08-08T22:51:40.622Z - [[34minfo[39m]: GET /js/user.js
2023-08-08T22:51:40.627Z - [[34minfo[39m]: GET /js/logout.js
2023-08-08T22:51:40.631Z - [[34minfo[39m]: GET /...
2023-08-08T22:51:40.668Z - [[34minfo[39m]: GET /api/products
2023-08-08T22:51:40.856Z - [[34minfo[39m]: GET /api/users
2023-08-08T22:51:48.810Z - [[34minfo[39m]: GET /api/sessions/logout
2023-08-08T22:51:48.823Z - [[34minfo[39m]: GET /login
2023-08-08T22:51:48.859Z - [[34minfo[39m]: GET /js/login.js
2023-08-08T22:51:48.861Z - [[34minfo[39m]: GET /css/styles.css
2023-08-08T22:51:50.519Z - [[34minfo[39m]: GET /api/sessions/github/
2023-08-08T22:51:51.037Z - [[34minfo[39m]: GET /api/sessions/githubcallback?code=e383e7a0b1e5cdfc5e8e
2023-08-08T22:51:52.323Z - [[34minfo[39m]: GET /products
2023-08-08T22:51:52.516Z - [[34minfo[39m]: GET /css/styles.css
2023-08-08T22:51:52.518Z - [[34minfo[39m]: GET /...
2023-08-08T22:51:52.524Z - [[34minfo[39m]: GET /js/products.js
2023-08-08T22:51:52.526Z - [[34minfo[39m]: GET /js/user.js
2023-08-08T22:51:52.528Z - [[34minfo[39m]: GET /js/logout.js
2023-08-08T22:51:52.531Z - [[34minfo[39m]: GET /...
2023-08-08T22:51:52.542Z - [[34minfo[39m]: GET /api/products
2023-08-08T22:51:52.706Z - [[34minfo[39m]: GET /api/users
2023-08-08T22:51:57.410Z - [[34minfo[39m]: GET /api/sessions/logout
2023-08-08T22:51:57.434Z - [[34minfo[39m]: GET /login
2023-08-08T22:51:57.471Z - [[34minfo[39m]: GET /css/styles.css
2023-08-08T22:51:57.473Z - [[34minfo[39m]: GET /js/login.js
2023-08-09T00:10:28.331Z - [[34minfo[39m]: POST /api/sessions/login
2023-08-09T00:10:28.592Z - [[34minfo[39m]: GET /products
2023-08-09T00:10:28.893Z - [[34minfo[39m]: GET /css/styles.css
2023-08-09T00:10:28.894Z - [[34minfo[39m]: GET /...
2023-08-09T00:10:28.928Z - [[34minfo[39m]: GET /js/products.js
2023-08-09T00:10:28.929Z - [[34minfo[39m]: GET /js/user.js
2023-08-09T00:10:28.929Z - [[34minfo[39m]: GET /js/logout.js
2023-08-09T00:10:28.933Z - [[34minfo[39m]: GET /...
2023-08-09T00:10:28.947Z - [[34minfo[39m]: GET /api/products
2023-08-09T00:10:29.122Z - [[34minfo[39m]: GET /api/users
2023-08-09T02:38:42.502Z - [[34minfo[39m]: GET /user
2023-08-09T02:38:42.583Z - [[34minfo[39m]: GET /css/styles.css
2023-08-09T02:41:47.916Z - [[34minfo[39m]: GET /user
2023-08-09T02:41:47.952Z - [[34minfo[39m]: GET /css/styles.css
2023-08-09T02:42:26.801Z - [[34minfo[39m]: GET /css/styles.css
2023-08-09T02:42:31.644Z - [[34minfo[39m]: GET /mail
2023-08-09T02:43:18.463Z - [[34minfo[39m]: GET /mail
2023-08-09T02:43:30.052Z - [[34minfo[39m]: GET /mail
2023-08-09T02:43:32.605Z - [[34minfo[39m]: GET /
2023-08-09T02:43:32.692Z - [[34minfo[39m]: GET /css/styles.css
2023-08-09T02:43:32.829Z - [[34minfo[39m]: GET /js/login.js
2023-08-09T02:45:37.080Z - [[34minfo[39m]: GET /mail
2023-08-09T02:46:12.399Z - [[34minfo[39m]: GET /
2023-08-09T02:46:12.435Z - [[34minfo[39m]: GET /css/styles.css
2023-08-09T02:46:12.486Z - [[34minfo[39m]: GET /js/login.js
2023-08-09T02:46:17.268Z - [[34minfo[39m]: GET /
2023-08-09T02:46:17.308Z - [[34minfo[39m]: GET /css/styles.css
2023-08-09T02:46:17.371Z - [[34minfo[39m]: GET /js/login.js
2023-08-09T02:46:22.152Z - [[34minfo[39m]: GET /mail
2023-08-09T02:46:27.650Z - [[34minfo[39m]: POST /api/sessions/login
2023-08-09T02:46:27.910Z - [[34minfo[39m]: GET /products
2023-08-09T02:46:28.119Z - [[34minfo[39m]: GET /...
2023-08-09T02:46:28.126Z - [[34minfo[39m]: GET /css/styles.css
2023-08-09T02:46:28.143Z - [[34minfo[39m]: GET /js/products.js
2023-08-09T02:46:28.146Z - [[34minfo[39m]: GET /js/user.js
2023-08-09T02:46:28.147Z - [[34minfo[39m]: GET /js/logout.js
2023-08-09T02:46:28.152Z - [[34minfo[39m]: GET /...
2023-08-09T02:46:28.174Z - [[34minfo[39m]: GET /api/products
2023-08-09T02:46:28.354Z - [[34minfo[39m]: GET /api/users
2023-08-09T02:46:29.756Z - [[34minfo[39m]: GET /user
2023-08-09T02:46:29.796Z - [[34minfo[39m]: GET /css/styles.css
2023-08-09T02:46:31.232Z - [[34minfo[39m]: GET /mail
2023-08-09T02:47:07.213Z - [[34minfo[39m]: GET /user
2023-08-09T02:47:07.254Z - [[34minfo[39m]: GET /css/styles.css
2023-08-09T02:47:51.332Z - [[34minfo[39m]: GET /user
2023-08-09T02:47:51.374Z - [[34minfo[39m]: GET /css/styles.css
2023-08-09T02:47:55.095Z - [[34minfo[39m]: GET /mail
2023-08-09T02:48:00.972Z - [[34minfo[39m]: GET /css/styles.css
2023-08-09T20:23:19.997Z - [[34minfo[39m]: GET /user
2023-08-09T20:23:20.060Z - [[34minfo[39m]: GET /favicon.ico
2023-08-09T20:23:22.861Z - [[34minfo[39m]: GET /
2023-08-09T20:23:23.015Z - [[34minfo[39m]: GET /css/styles.css
2023-08-09T20:23:23.075Z - [[34minfo[39m]: GET /js/login.js
2023-08-09T20:23:27.142Z - [[34minfo[39m]: POST /api/sessions/login
2023-08-09T20:23:27.422Z - [[34minfo[39m]: GET /products
2023-08-09T20:23:27.629Z - [[34minfo[39m]: GET /css/styles.css
2023-08-09T20:23:27.633Z - [[34minfo[39m]: GET /...
2023-08-09T20:23:27.649Z - [[34minfo[39m]: GET /js/products.js
2023-08-09T20:23:27.656Z - [[34minfo[39m]: GET /js/user.js
2023-08-09T20:23:27.660Z - [[34minfo[39m]: GET /js/logout.js
2023-08-09T20:23:27.665Z - [[34minfo[39m]: GET /...
2023-08-09T20:23:27.691Z - [[34minfo[39m]: GET /api/products
2023-08-09T20:23:27.871Z - [[34minfo[39m]: GET /api/users
2023-08-09T20:23:29.344Z - [[34minfo[39m]: GET /user
2023-08-09T20:23:29.378Z - [[34minfo[39m]: GET /css/styles.css
2023-08-09T20:23:29.380Z - [[34minfo[39m]: GET /js/user.js
2023-08-09T20:23:36.650Z - [[34minfo[39m]: GET /css/styles.css
2023-08-09T20:25:01.412Z - [[34minfo[39m]: GET /user
2023-08-09T20:25:01.446Z - [[34minfo[39m]: GET /css/styles.css
2023-08-09T20:25:01.449Z - [[34minfo[39m]: GET /js/user.js
2023-08-09T20:28:59.502Z - [[34minfo[39m]: GET /user
2023-08-09T20:28:59.536Z - [[34minfo[39m]: GET /css/styles.css
2023-08-09T20:28:59.543Z - [[34minfo[39m]: GET /js/email.js
2023-08-09T20:29:08.008Z - [[34minfo[39m]: GET /user
2023-08-09T20:29:08.035Z - [[34minfo[39m]: GET /css/styles.css
2023-08-09T20:29:08.038Z - [[34minfo[39m]: GET /js/email.js
2023-08-09T20:29:09.864Z - [[34minfo[39m]: GET /restorePassword
2023-08-09T20:31:02.855Z - [[34minfo[39m]: GET /user
2023-08-09T20:31:02.898Z - [[34minfo[39m]: GET /js/email.js
2023-08-09T20:31:02.900Z - [[34minfo[39m]: GET /css/styles.css
2023-08-09T20:31:08.452Z - [[34minfo[39m]: GET /restorePassword
2023-08-09T20:32:19.399Z - [[34minfo[39m]: GET /user
2023-08-09T20:32:19.457Z - [[34minfo[39m]: GET /css/styles.css
2023-08-09T20:32:19.461Z - [[34minfo[39m]: GET /js/email.js
2023-08-09T20:33:02.494Z - [[34minfo[39m]: GET /restorePassword
2023-08-09T20:37:25.699Z - [[34minfo[39m]: GET /user
2023-08-09T20:37:25.759Z - [[34minfo[39m]: GET /css/styles.css
2023-08-09T20:37:25.761Z - [[34minfo[39m]: GET /js/email.js
2023-08-09T20:37:28.914Z - [[34minfo[39m]: GET /restorePassword
2023-08-09T20:37:58.580Z - [[34minfo[39m]: GET /user
2023-08-09T20:37:58.633Z - [[34minfo[39m]: GET /css/styles.css
2023-08-09T20:37:58.635Z - [[34minfo[39m]: GET /js/email.js
2023-08-09T20:38:00.021Z - [[34minfo[39m]: GET /restorePassword
2023-08-09T20:43:11.477Z - [[34minfo[39m]: GET /user
2023-08-09T20:43:11.538Z - [[34minfo[39m]: GET /css/styles.css
2023-08-09T20:43:11.540Z - [[34minfo[39m]: GET /js/email.js
2023-08-13T20:03:47.112Z - [[34minfo[39m]: GET /changePassword
